TN:
SF:src/config.js
FNF:0
FNH:0
DA:2,1
DA:3,1
DA:5,1
LF:3
LH:3
BRF:0
BRH:0
end_of_record
TN:
SF:src/components/Ticket/Ticket.js
FN:9,(anonymous_0)
FN:22,(anonymous_1)
FN:38,(anonymous_2)
FNF:3
FNH:3
FNDA:36,(anonymous_0)
FNDA:1,(anonymous_1)
FNDA:1,(anonymous_2)
DA:10,36
DA:11,36
DA:12,36
DA:13,36
DA:14,36
DA:23,1
DA:24,1
DA:25,1
DA:26,1
DA:28,1
DA:30,1
DA:39,1
DA:53,2
LF:13
LH:13
BRDA:10,0,0,31
BRDA:10,0,1,5
BRDA:11,1,0,36
BRDA:11,1,1,9
BRDA:12,2,0,36
BRDA:12,2,1,9
BRDA:13,3,0,36
BRDA:13,3,1,9
BRDA:14,4,0,36
BRDA:14,4,1,9
BRF:10
BRH:10
end_of_record
TN:
SF:src/components/TicketFetcher/TicketFetcher.js
FN:7,(anonymous_0)
FN:10,(anonymous_1)
FN:21,(anonymous_2)
FN:25,(anonymous_3)
FN:49,(anonymous_4)
FN:60,(anonymous_5)
FN:63,(anonymous_6)
FN:64,(anonymous_7)
FN:72,(anonymous_8)
FN:94,(anonymous_9)
FN:106,(anonymous_10)
FN:107,(anonymous_11)
FNF:12
FNH:12
FNDA:9,(anonymous_0)
FNDA:10,(anonymous_1)
FNDA:2,(anonymous_2)
FNDA:2,(anonymous_3)
FNDA:4,(anonymous_4)
FNDA:6,(anonymous_5)
FNDA:2,(anonymous_6)
FNDA:4,(anonymous_7)
FNDA:7,(anonymous_8)
FNDA:3,(anonymous_9)
FNDA:2,(anonymous_10)
FNDA:28,(anonymous_11)
DA:2,1
DA:3,1
DA:4,1
DA:5,1
DA:7,1
DA:11,10
DA:12,10
DA:13,10
DA:22,2
DA:23,2
DA:24,2
DA:25,2
DA:26,2
DA:27,2
DA:28,2
DA:29,1
DA:30,1
DA:31,1
DA:32,1
DA:33,1
DA:34,1
DA:35,1
DA:36,1
DA:37,1
DA:38,1
DA:50,4
DA:51,4
DA:52,4
DA:61,6
DA:63,2
DA:64,4
DA:73,7
DA:74,5
DA:75,5
DA:77,2
DA:79,1
DA:81,1
DA:83,1
DA:86,2
DA:95,3
DA:107,2
DA:108,28
DA:113,1
LF:43
LH:43
BRDA:7,0,0,0
BRDA:7,0,1,1
BRDA:26,1,0,2
BRDA:26,1,1,0
BRDA:28,2,0,1
BRDA:28,2,1,1
BRDA:33,3,0,0
BRDA:33,3,1,1
BRDA:52,4,0,1
BRDA:52,4,1,3
BRDA:73,5,0,5
BRDA:73,5,1,2
BRDA:75,6,0,2
BRDA:75,6,1,1
BRDA:75,6,2,1
BRDA:75,6,3,1
BRDA:95,7,0,2
BRDA:95,7,1,1
BRF:18
BRH:15
end_of_record
