{"/Users/yashchellani/Desktop/zcc/zcc-yash/zendeskcc/src/config.js": {"path":"/Users/yashchellani/Desktop/zcc/zcc-yash/zendeskcc/src/config.js","statementMap":{"0":{"start":{"line":2,"column":15},"end":{"line":2,"column":32}},"1":{"start":{"line":3,"column":0},"end":{"line":3,"column":15}},"2":{"start":{"line":5,"column":0},"end":{"line":11,"column":1}}},"fnMap":{},"branchMap":{},"s":{"0":1,"1":1,"2":1},"f":{},"b":{},"_coverageSchema":"1a1c01bbd47fc00a2c39e90264f33305004495a9","hash":"d662f24dfc37f9fc5455e5c3a20992bdef89f79e"}
,"/Users/yashchellani/Desktop/zcc/zcc-yash/zendeskcc/src/components/Ticket/Ticket.js": {"path":"/Users/yashchellani/Desktop/zcc/zcc-yash/zendeskcc/src/components/Ticket/Ticket.js","statementMap":{"0":{"start":{"line":10,"column":4},"end":{"line":10,"column":53}},"1":{"start":{"line":11,"column":4},"end":{"line":11,"column":28}},"2":{"start":{"line":12,"column":4},"end":{"line":12,"column":43}},"3":{"start":{"line":13,"column":4},"end":{"line":13,"column":51}},"4":{"start":{"line":14,"column":4},"end":{"line":14,"column":47}},"5":{"start":{"line":23,"column":15},"end":{"line":23,"column":34}},"6":{"start":{"line":24,"column":23},"end":{"line":24,"column":52}},"7":{"start":{"line":25,"column":20},"end":{"line":25,"column":63}},"8":{"start":{"line":26,"column":27},"end":{"line":26,"column":51}},"9":{"start":{"line":28,"column":6},"end":{"line":28,"column":78}},"10":{"start":{"line":30,"column":4},"end":{"line":30,"column":52}},"11":{"start":{"line":39,"column":4},"end":{"line":49,"column":5}},"12":{"start":{"line":53,"column":0},"end":{"line":53,"column":23}}},"fnMap":{"0":{"name":"(anonymous_0)","decl":{"start":{"line":9,"column":2},"end":{"line":9,"column":3}},"loc":{"start":{"line":9,"column":22},"end":{"line":15,"column":3}},"line":9},"1":{"name":"(anonymous_1)","decl":{"start":{"line":22,"column":2},"end":{"line":22,"column":3}},"loc":{"start":{"line":22,"column":22},"end":{"line":31,"column":3}},"line":22},"2":{"name":"(anonymous_2)","decl":{"start":{"line":38,"column":2},"end":{"line":38,"column":3}},"loc":{"start":{"line":38,"column":18},"end":{"line":50,"column":3}},"line":38}},"branchMap":{"0":{"loc":{"start":{"line":10,"column":13},"end":{"line":10,"column":53}},"type":"cond-expr","locations":[{"start":{"line":10,"column":42},"end":{"line":10,"column":48}},{"start":{"line":10,"column":51},"end":{"line":10,"column":53}}],"line":10},"1":{"loc":{"start":{"line":11,"column":14},"end":{"line":11,"column":28}},"type":"binary-expr","locations":[{"start":{"line":11,"column":14},"end":{"line":11,"column":23}},{"start":{"line":11,"column":27},"end":{"line":11,"column":28}}],"line":11},"2":{"loc":{"start":{"line":12,"column":19},"end":{"line":12,"column":43}},"type":"binary-expr","locations":[{"start":{"line":12,"column":19},"end":{"line":12,"column":33}},{"start":{"line":12,"column":37},"end":{"line":12,"column":43}}],"line":12},"3":{"loc":{"start":{"line":13,"column":23},"end":{"line":13,"column":51}},"type":"binary-expr","locations":[{"start":{"line":13,"column":23},"end":{"line":13,"column":41}},{"start":{"line":13,"column":45},"end":{"line":13,"column":51}}],"line":13},"4":{"loc":{"start":{"line":14,"column":23},"end":{"line":14,"column":47}},"type":"binary-expr","locations":[{"start":{"line":14,"column":23},"end":{"line":14,"column":42}},{"start":{"line":14,"column":46},"end":{"line":14,"column":47}}],"line":14}},"s":{"0":36,"1":36,"2":36,"3":36,"4":36,"5":1,"6":1,"7":1,"8":1,"9":1,"10":1,"11":1,"12":2},"f":{"0":36,"1":1,"2":1},"b":{"0":[31,5],"1":[36,9],"2":[36,9],"3":[36,9],"4":[36,9]},"_coverageSchema":"1a1c01bbd47fc00a2c39e90264f33305004495a9","hash":"aa04b0d858f0049c11f0a909effa55d438bfc67a"}
,"/Users/yashchellani/Desktop/zcc/zcc-yash/zendeskcc/src/components/TicketFetcher/TicketFetcher.js": {"path":"/Users/yashchellani/Desktop/zcc/zcc-yash/zendeskcc/src/components/TicketFetcher/TicketFetcher.js","statementMap":{"0":{"start":{"line":2,"column":14},"end":{"line":2,"column":35}},"1":{"start":{"line":3,"column":21},"end":{"line":3,"column":45}},"2":{"start":{"line":4,"column":15},"end":{"line":4,"column":42}},"3":{"start":{"line":5,"column":16},"end":{"line":5,"column":34}},"4":{"start":{"line":7,"column":0},"end":{"line":7,"column":74}},"5":{"start":{"line":11,"column":4},"end":{"line":11,"column":37}},"6":{"start":{"line":12,"column":4},"end":{"line":12,"column":58}},"7":{"start":{"line":13,"column":4},"end":{"line":13,"column":41}},"8":{"start":{"line":22,"column":20},"end":{"line":22,"column":22}},"9":{"start":{"line":23,"column":14},"end":{"line":23,"column":87}},"10":{"start":{"line":24,"column":15},"end":{"line":24,"column":16}},"11":{"start":{"line":25,"column":4},"end":{"line":40,"column":5}},"12":{"start":{"line":26,"column":6},"end":{"line":39,"column":7}},"13":{"start":{"line":27,"column":26},"end":{"line":27,"column":54}},"14":{"start":{"line":28,"column":8},"end":{"line":38,"column":26}},"15":{"start":{"line":29,"column":23},"end":{"line":29,"column":62}},"16":{"start":{"line":30,"column":10},"end":{"line":30,"column":37}},"17":{"start":{"line":31,"column":10},"end":{"line":31,"column":49}},"18":{"start":{"line":32,"column":10},"end":{"line":32,"column":54}},"19":{"start":{"line":33,"column":10},"end":{"line":33,"column":65}},"20":{"start":{"line":34,"column":10},"end":{"line":34,"column":42}},"21":{"start":{"line":35,"column":10},"end":{"line":35,"column":34}},"22":{"start":{"line":36,"column":10},"end":{"line":36,"column":28}},"23":{"start":{"line":37,"column":10},"end":{"line":37,"column":23}},"24":{"start":{"line":38,"column":15},"end":{"line":38,"column":26}},"25":{"start":{"line":50,"column":14},"end":{"line":50,"column":79}},"26":{"start":{"line":51,"column":22},"end":{"line":51,"column":50}},"27":{"start":{"line":52,"column":4},"end":{"line":52,"column":62}},"28":{"start":{"line":61,"column":4},"end":{"line":64,"column":41}},"29":{"start":{"line":63,"column":24},"end":{"line":63,"column":39}},"30":{"start":{"line":64,"column":22},"end":{"line":64,"column":40}},"31":{"start":{"line":73,"column":4},"end":{"line":85,"column":5}},"32":{"start":{"line":74,"column":6},"end":{"line":74,"column":48}},"33":{"start":{"line":75,"column":6},"end":{"line":84,"column":7}},"34":{"start":{"line":77,"column":10},"end":{"line":77,"column":71}},"35":{"start":{"line":79,"column":10},"end":{"line":79,"column":65}},"36":{"start":{"line":81,"column":10},"end":{"line":81,"column":67}},"37":{"start":{"line":83,"column":10},"end":{"line":83,"column":47}},"38":{"start":{"line":86,"column":4},"end":{"line":86,"column":19}},"39":{"start":{"line":95,"column":4},"end":{"line":97,"column":10}},"40":{"start":{"line":107,"column":4},"end":{"line":109,"column":6}},"41":{"start":{"line":108,"column":6},"end":{"line":108,"column":37}},"42":{"start":{"line":113,"column":0},"end":{"line":113,"column":34}}},"fnMap":{"0":{"name":"(anonymous_0)","decl":{"start":{"line":7,"column":61},"end":{"line":7,"column":62}},"loc":{"start":{"line":7,"column":72},"end":{"line":7,"column":74}},"line":7},"1":{"name":"(anonymous_1)","decl":{"start":{"line":10,"column":2},"end":{"line":10,"column":3}},"loc":{"start":{"line":10,"column":21},"end":{"line":14,"column":3}},"line":10},"2":{"name":"(anonymous_2)","decl":{"start":{"line":21,"column":2},"end":{"line":21,"column":3}},"loc":{"start":{"line":21,"column":26},"end":{"line":41,"column":3}},"line":21},"3":{"name":"(anonymous_3)","decl":{"start":{"line":25,"column":11},"end":{"line":25,"column":12}},"loc":{"start":{"line":25,"column":23},"end":{"line":40,"column":5}},"line":25},"4":{"name":"(anonymous_4)","decl":{"start":{"line":49,"column":2},"end":{"line":49,"column":3}},"loc":{"start":{"line":49,"column":34},"end":{"line":53,"column":3}},"line":49},"5":{"name":"(anonymous_5)","decl":{"start":{"line":60,"column":2},"end":{"line":60,"column":3}},"loc":{"start":{"line":60,"column":26},"end":{"line":65,"column":3}},"line":60},"6":{"name":"(anonymous_6)","decl":{"start":{"line":63,"column":12},"end":{"line":63,"column":13}},"loc":{"start":{"line":63,"column":24},"end":{"line":63,"column":39}},"line":63},"7":{"name":"(anonymous_7)","decl":{"start":{"line":64,"column":13},"end":{"line":64,"column":14}},"loc":{"start":{"line":64,"column":22},"end":{"line":64,"column":40}},"line":64},"8":{"name":"(anonymous_8)","decl":{"start":{"line":72,"column":2},"end":{"line":72,"column":3}},"loc":{"start":{"line":72,"column":26},"end":{"line":87,"column":3}},"line":72},"9":{"name":"(anonymous_9)","decl":{"start":{"line":94,"column":2},"end":{"line":94,"column":3}},"loc":{"start":{"line":94,"column":28},"end":{"line":98,"column":3}},"line":94},"10":{"name":"(anonymous_10)","decl":{"start":{"line":106,"column":2},"end":{"line":106,"column":3}},"loc":{"start":{"line":106,"column":29},"end":{"line":110,"column":3}},"line":106},"11":{"name":"(anonymous_11)","decl":{"start":{"line":107,"column":27},"end":{"line":107,"column":28}},"loc":{"start":{"line":107,"column":43},"end":{"line":109,"column":5}},"line":107}},"branchMap":{"0":{"loc":{"start":{"line":7,"column":14},"end":{"line":7,"column":74}},"type":"cond-expr","locations":[{"start":{"line":7,"column":47},"end":{"line":7,"column":58}},{"start":{"line":7,"column":61},"end":{"line":7,"column":74}}],"line":7},"1":{"loc":{"start":{"line":26,"column":6},"end":{"line":39,"column":7}},"type":"if","locations":[{"start":{"line":26,"column":6},"end":{"line":39,"column":7}},{"start":{},"end":{}}],"line":26},"2":{"loc":{"start":{"line":28,"column":8},"end":{"line":38,"column":26}},"type":"if","locations":[{"start":{"line":28,"column":8},"end":{"line":38,"column":26}},{"start":{"line":38,"column":15},"end":{"line":38,"column":26}}],"line":28},"3":{"loc":{"start":{"line":33,"column":24},"end":{"line":33,"column":65}},"type":"cond-expr","locations":[{"start":{"line":33,"column":45},"end":{"line":33,"column":51}},{"start":{"line":33,"column":54},"end":{"line":33,"column":65}}],"line":33},"4":{"loc":{"start":{"line":52,"column":11},"end":{"line":52,"column":62}},"type":"cond-expr","locations":[{"start":{"line":52,"column":25},"end":{"line":52,"column":55}},{"start":{"line":52,"column":58},"end":{"line":52,"column":62}}],"line":52},"5":{"loc":{"start":{"line":73,"column":4},"end":{"line":85,"column":5}},"type":"if","locations":[{"start":{"line":73,"column":4},"end":{"line":85,"column":5}},{"start":{},"end":{}}],"line":73},"6":{"loc":{"start":{"line":75,"column":6},"end":{"line":84,"column":7}},"type":"switch","locations":[{"start":{"line":76,"column":8},"end":{"line":77,"column":71}},{"start":{"line":78,"column":8},"end":{"line":79,"column":65}},{"start":{"line":80,"column":8},"end":{"line":81,"column":67}},{"start":{"line":82,"column":8},"end":{"line":83,"column":47}}],"line":75},"7":{"loc":{"start":{"line":95,"column":11},"end":{"line":97,"column":10}},"type":"cond-expr","locations":[{"start":{"line":96,"column":8},"end":{"line":96,"column":59}},{"start":{"line":97,"column":8},"end":{"line":97,"column":10}}],"line":95}},"s":{"0":1,"1":1,"2":1,"3":1,"4":1,"5":10,"6":10,"7":10,"8":2,"9":2,"10":2,"11":2,"12":2,"13":2,"14":2,"15":1,"16":1,"17":1,"18":1,"19":1,"20":1,"21":1,"22":1,"23":1,"24":1,"25":4,"26":4,"27":4,"28":6,"29":2,"30":4,"31":7,"32":5,"33":5,"34":2,"35":1,"36":1,"37":1,"38":2,"39":3,"40":2,"41":28,"42":1},"f":{"0":9,"1":10,"2":2,"3":2,"4":4,"5":6,"6":2,"7":4,"8":7,"9":3,"10":2,"11":28},"b":{"0":[0,1],"1":[2,0],"2":[1,1],"3":[0,1],"4":[1,3],"5":[5,2],"6":[2,1,1,1],"7":[2,1]},"_coverageSchema":"1a1c01bbd47fc00a2c39e90264f33305004495a9","hash":"a984ebd62f977b3eb9c0bdf003db3f8ee2ece2cc"}
}
